<?xml version="1.0" encoding="UTF-8"?>
<!-- Generated by org.testng.reporters.JUnitXMLReporter -->
<testsuite ignored="1" hostname="LAPTOP-T56UHHLO" failures="0" tests="1" name="Default test(failed)" time="9.433" errors="0" timestamp="2023-05-13T16:43:13 IST">
  <testcase classname="Module1_Login_Test.SwagLabLogin_Test" name="verifyAddToCartBtnConvertToRemoveBtn" time="1.158"/>
  <testcase classname="Module1_Login_Test.SwagLabLogin_Test" name="verifyLog" time="0.0">
    <ignored/>
  </testcase> <!-- verifyLog -->
</testsuite> <!-- Default test(failed) -->
