<?xml version="1.0" encoding="UTF-8"?>
<testng-results ignored="1" total="2" passed="1" failed="0" skipped="0">
  <reporter-output>
  </reporter-output>
  <suite started-at="2023-05-13T16:43:04 IST" name="Failed suite [Default suite]" finished-at="2023-05-13T16:43:13 IST" duration-ms="9433">
    <groups>
    </groups>
    <test started-at="2023-05-13T16:43:04 IST" name="Default test(failed)" finished-at="2023-05-13T16:43:13 IST" duration-ms="9433">
      <class name="Module1_Login_Test.SwagLabLogin_Test">
        <test-method is-config="true" signature="openBrowser()[pri:0, instance:Module1_Login_Test.SwagLabLogin_Test@20140db9]" started-at="2023-05-13T16:43:04 IST" name="openBrowser" finished-at="2023-05-13T16:43:08 IST" duration-ms="4335" status="PASS">
          <reporter-output>
          </reporter-output>
        </test-method> <!-- openBrowser -->
        <test-method is-config="true" signature="LoginToApp()[pri:0, instance:Module1_Login_Test.SwagLabLogin_Test@20140db9]" started-at="2023-05-13T16:43:08 IST" name="LoginToApp" finished-at="2023-05-13T16:43:11 IST" duration-ms="3430" status="PASS">
          <reporter-output>
          </reporter-output>
        </test-method> <!-- LoginToApp -->
        <test-method signature="verifyAddToCartBtnConvertToRemoveBtn()[pri:0, instance:Module1_Login_Test.SwagLabLogin_Test@20140db9]" started-at="2023-05-13T16:43:11 IST" name="verifyAddToCartBtnConvertToRemoveBtn" finished-at="2023-05-13T16:43:13 IST" duration-ms="1158" status="PASS">
          <reporter-output>
          </reporter-output>
        </test-method> <!-- verifyAddToCartBtnConvertToRemoveBtn -->
        <test-method is-config="true" signature="LogoutFromApp(org.testng.ITestResult)[pri:0, instance:Module1_Login_Test.SwagLabLogin_Test@20140db9]" started-at="2023-05-13T16:43:13 IST" name="LogoutFromApp" finished-at="2023-05-13T16:43:13 IST" duration-ms="236" status="PASS">
          <params>
            <param index="0">
              <value>
                <![CDATA[[TestResult name=verifyAddToCartBtnConvertToRemoveBtn status=SUCCESS method=SwagLabLogin_Test.verifyAddToCartBtnConvertToRemoveBtn()[pri:0, instance:Module1_Login_Test.SwagLabLogin_Test@20140db9] output={null}]]]>
              </value>
            </param>
          </params>
          <reporter-output>
          </reporter-output>
        </test-method> <!-- LogoutFromApp -->
        <test-method is-config="true" signature="closebrowser()[pri:0, instance:Module1_Login_Test.SwagLabLogin_Test@20140db9]" started-at="2023-05-13T16:43:13 IST" name="closebrowser" finished-at="2023-05-13T16:43:13 IST" duration-ms="209" status="PASS">
          <reporter-output>
          </reporter-output>
        </test-method> <!-- closebrowser -->
      </class> <!-- Module1_Login_Test.SwagLabLogin_Test -->
    </test> <!-- Default test(failed) -->
  </suite> <!-- Failed suite [Default suite] -->
</testng-results>
